[INFO ] [08:32:09.631] at com.aws.pocketmoney.common.aspect.BridgeAspect 5a0529be-362e-4151-950e-8cf9f3eb38dd : param[#] 
 return[#[com.aws.pocketmoney.menu.VO.MenuVO@67bc01af]]
[INFO ] [08:32:09.692] at com.aws.pocketmoney.common.aspect.BridgeAspect 3fc833ce-ed52-472c-b1f5-ac0048530196 : param[#] 
 return[#[com.aws.pocketmoney.menu.VO.MenuVO@4fcb0b67]]
[INFO ] [08:34:11.383] at com.aws.pocketmoney.common.aspect.BridgeAspect 3372cc37-9452-4c7a-8e50-e003896bca1c : param[#] 
 return[#[com.aws.pocketmoney.menu.VO.MenuVO@398a76ed]]
[INFO ] [08:34:11.454] at com.aws.pocketmoney.common.aspect.BridgeAspect e7a86a44-48d8-4efe-80fe-e3b6218ee1f3 : param[#] 
 return[#[com.aws.pocketmoney.menu.VO.MenuVO@1aba05ee]]
[INFO ] [08:36:05.886] at com.aws.pocketmoney.common.aspect.BridgeAspect 88003cf2-d4f8-4ecd-879f-4ca4938766f3 : param[#] 
 return[#[com.aws.pocketmoney.menu.VO.MenuVO@12d586ea]]
[INFO ] [08:36:05.917] at com.aws.pocketmoney.common.aspect.BridgeAspect b85dee8e-e25d-44ad-b462-bdf4c11a56be : param[#] 
 return[#[com.aws.pocketmoney.menu.VO.MenuVO@120fc7f2]]
[INFO ] [08:37:21.084] at com.aws.pocketmoney.common.aspect.BridgeAspect 3d6480ce-078d-457d-9226-301ae54804fe : param[#] 
 return[#[com.aws.pocketmoney.menu.VO.MenuVO@40f62119]]
[INFO ] [08:37:21.112] at com.aws.pocketmoney.common.aspect.BridgeAspect 524e1210-a6e1-4f3d-9b64-44ca4539a876 : param[#] 
 return[#[com.aws.pocketmoney.menu.VO.MenuVO@10a66366]]
[INFO ] [08:37:52.597] at com.aws.pocketmoney.common.aspect.BridgeAspect b267c690-58c4-45a2-b3c0-924da9da22e3 : param[#] 
 return[#[com.aws.pocketmoney.menu.VO.MenuVO@10721606]]
[INFO ] [08:37:52.662] at com.aws.pocketmoney.common.aspect.BridgeAspect ff5b2edc-ee9d-49a0-96b9-bf917cb2b3dc : param[#] 
 return[#[com.aws.pocketmoney.menu.VO.MenuVO@7ae81108]]
[INFO ] [12:05:25.031] at com.aws.pocketmoney.common.aspect.BridgeAspect 2ba7c940-a1e8-4b63-8faf-7dc35cc0adc3 : param[#] 
 return[#[com.aws.pocketmoney.menu.VO.MenuVO@76b9b746]]
[INFO ] [12:05:25.079] at com.aws.pocketmoney.common.aspect.BridgeAspect fc30a7cb-0f73-4d65-ac81-3280d09e6ff2 : param[#] 
 return[#[com.aws.pocketmoney.menu.VO.MenuVO@3886ad85]]
[INFO ] [12:05:55.021] at com.aws.pocketmoney.common.aspect.BridgeAspect 2aa2ab59-dab5-48e8-9640-a2fef92e9e3e : param[#] 
 return[#[com.aws.pocketmoney.menu.VO.MenuVO@13463734]]
[INFO ] [12:05:55.054] at com.aws.pocketmoney.common.aspect.BridgeAspect 9f17ac89-8c66-436a-8b89-5e978b718046 : param[#] 
 return[#[com.aws.pocketmoney.menu.VO.MenuVO@243348b8]]
[INFO ] [12:06:19.706] at com.aws.pocketmoney.common.aspect.BridgeAspect b0722c0d-0afd-4cd4-abdb-c3179b90300e : param[#] 
 return[#[com.aws.pocketmoney.menu.VO.MenuVO@19801094]]
[INFO ] [12:06:19.735] at com.aws.pocketmoney.common.aspect.BridgeAspect d5be11b4-a799-4953-82a9-88faa2152bef : param[#] 
 return[#[com.aws.pocketmoney.menu.VO.MenuVO@d3caa6b]]
[INFO ] [12:07:13.893] at com.aws.pocketmoney.common.aspect.BridgeAspect c973a940-50d7-4d17-be7c-15596bd1c785 : param[#] 
 return[#[com.aws.pocketmoney.menu.VO.MenuVO@420dad97]]
[INFO ] [12:07:13.918] at com.aws.pocketmoney.common.aspect.BridgeAspect e529a36b-c41d-45c2-b596-1868294fad5f : param[#] 
 return[#[com.aws.pocketmoney.menu.VO.MenuVO@4756c861]]
[INFO ] [13:07:44.289] at com.aws.pocketmoney.common.aspect.BridgeAspect 9e2c1efe-fcf6-4e7f-b6b4-c1f8c4ff4a35 : param[#] 
 return[#[com.aws.pocketmoney.menu.VO.MenuVO@7e71aa23]]
[INFO ] [13:07:44.342] at com.aws.pocketmoney.common.aspect.BridgeAspect 5d504e1d-9c2e-44b0-b88b-20c349b91ced : param[#] 
 return[#[com.aws.pocketmoney.menu.VO.MenuVO@67717eb]]
[INFO ] [13:14:02.389] at com.aws.pocketmoney.common.aspect.BridgeAspect 9d567ed0-b94a-44bc-8f5b-7989ff49e3ae : param[#] 
 return[#[com.aws.pocketmoney.menu.VO.MenuVO@7c70999f, com.aws.pocketmoney.menu.VO.MenuVO@46a44044]]
[INFO ] [13:14:02.417] at com.aws.pocketmoney.common.aspect.BridgeAspect 18fe5246-8a43-411a-bfc7-1c5418fe358a : param[#] 
 return[#[com.aws.pocketmoney.menu.VO.MenuVO@68ede713, com.aws.pocketmoney.menu.VO.MenuVO@6f3f67b8]]
[INFO ] [13:14:44.916] at com.aws.pocketmoney.common.aspect.BridgeAspect c4beded5-0ed6-4c79-9c36-ae054b7c0476 : param[#] 
 return[#[com.aws.pocketmoney.menu.VO.MenuVO@668a5317, com.aws.pocketmoney.menu.VO.MenuVO@5fd16199]]
[INFO ] [13:14:45.021] at com.aws.pocketmoney.common.aspect.BridgeAspect 883b6b85-60dd-49da-9696-98e19f7a7763 : param[#] 
 return[#[com.aws.pocketmoney.menu.VO.MenuVO@7a0a851f, com.aws.pocketmoney.menu.VO.MenuVO@7e09705d]]
[INFO ] [13:14:49.195] at com.aws.pocketmoney.common.aspect.BridgeAspect ac2914e4-0b81-4cba-b272-b97ba2b3bb14 : param[#] 
 return[#[com.aws.pocketmoney.menu.VO.MenuVO@3663334e, com.aws.pocketmoney.menu.VO.MenuVO@6a3458f]]
[INFO ] [13:14:54.511] at com.aws.pocketmoney.common.aspect.BridgeAspect fb07481c-8a9d-4b9e-aea1-99304b86ae1f : param[#] 
 return[#[com.aws.pocketmoney.menu.VO.MenuVO@2aee70fb, com.aws.pocketmoney.menu.VO.MenuVO@23c3ffee]]
[INFO ] [13:14:54.540] at com.aws.pocketmoney.common.aspect.BridgeAspect fbd7e0ce-75b5-4f1d-a9ef-0c89c31d793b : param[#] 
 return[#[com.aws.pocketmoney.menu.VO.MenuVO@1a5bf8d8, com.aws.pocketmoney.menu.VO.MenuVO@7e594acd]]
[INFO ] [13:15:03.280] at com.aws.pocketmoney.common.aspect.BridgeAspect c03d24da-da9b-478b-8ee0-e5da0e5183f5 : param[#] 
 return[#[com.aws.pocketmoney.menu.VO.MenuVO@4b124ef3, com.aws.pocketmoney.menu.VO.MenuVO@602d5903]]
[INFO ] [13:15:03.298] at com.aws.pocketmoney.common.aspect.BridgeAspect 5d2d041e-287c-4714-b180-f212d8b985a0 : param[#] 
 return[#[com.aws.pocketmoney.menu.VO.MenuVO@7807db61, com.aws.pocketmoney.menu.VO.MenuVO@72637069]]
[INFO ] [13:15:37.742] at com.aws.pocketmoney.common.aspect.BridgeAspect 94c13f4b-e825-4972-93b2-ae416ab016ef : param[#] 
 return[#[com.aws.pocketmoney.menu.VO.MenuVO@4ec7d783, com.aws.pocketmoney.menu.VO.MenuVO@310ccfe0]]
[INFO ] [13:15:37.767] at com.aws.pocketmoney.common.aspect.BridgeAspect d208f2d3-c860-4454-9476-b5f59eb3a394 : param[#] 
 return[#[com.aws.pocketmoney.menu.VO.MenuVO@28c77d60, com.aws.pocketmoney.menu.VO.MenuVO@76c5d66]]
[INFO ] [13:15:53.092] at com.aws.pocketmoney.common.aspect.BridgeAspect 65f85a07-c880-4f2a-b2bc-f9ce3053c1b1 : param[#] 
 return[#[com.aws.pocketmoney.menu.VO.MenuVO@4180f8f3, com.aws.pocketmoney.menu.VO.MenuVO@639f122b]]
[INFO ] [13:15:53.101] at com.aws.pocketmoney.common.aspect.BridgeAspect c5e142e8-42a1-44bd-8fab-3677e30a4e00 : param[#] 
 return[#[com.aws.pocketmoney.menu.VO.MenuVO@1e5b7a8b, com.aws.pocketmoney.menu.VO.MenuVO@3cbec00a]]
[INFO ] [13:15:54.753] at com.aws.pocketmoney.common.aspect.BridgeAspect e914ab27-c375-485f-bd87-b98081ff4cbc : param[#] 
 return[#[com.aws.pocketmoney.menu.VO.MenuVO@79552345, com.aws.pocketmoney.menu.VO.MenuVO@19321d82]]
[INFO ] [13:15:54.763] at com.aws.pocketmoney.common.aspect.BridgeAspect fa10eecc-3926-4110-bd00-72386cd40f69 : param[#] 
 return[#[com.aws.pocketmoney.menu.VO.MenuVO@1dd01d76, com.aws.pocketmoney.menu.VO.MenuVO@12858d29]]
[INFO ] [13:16:00.777] at com.aws.pocketmoney.common.aspect.BridgeAspect 51b7bc18-00de-4d66-bacb-5d43f45b360e : param[#] 
 return[#[com.aws.pocketmoney.menu.VO.MenuVO@30442dd1, com.aws.pocketmoney.menu.VO.MenuVO@3e3cd1bc]]
[INFO ] [13:16:00.789] at com.aws.pocketmoney.common.aspect.BridgeAspect 56833cfa-9e39-4d82-824d-4d602a21b0d4 : param[#] 
 return[#[com.aws.pocketmoney.menu.VO.MenuVO@1cb3aee7, com.aws.pocketmoney.menu.VO.MenuVO@3d7e857c]]
[INFO ] [13:16:14.332] at com.aws.pocketmoney.common.aspect.BridgeAspect 8be7980d-3ea0-454b-b7d6-97e1ab28f83e : param[#] 
 return[#[com.aws.pocketmoney.menu.VO.MenuVO@1e84179b, com.aws.pocketmoney.menu.VO.MenuVO@1ef6e551]]
[INFO ] [13:16:14.342] at com.aws.pocketmoney.common.aspect.BridgeAspect 41151d78-a143-44cd-8307-38c57651da39 : param[#] 
 return[#[com.aws.pocketmoney.menu.VO.MenuVO@78176b31, com.aws.pocketmoney.menu.VO.MenuVO@42156dd0]]
[INFO ] [13:16:30.366] at com.aws.pocketmoney.common.aspect.BridgeAspect 22945b22-4ecb-4536-abd7-ced9e2fb493f : param[#] 
 return[#[com.aws.pocketmoney.menu.VO.MenuVO@123de098, com.aws.pocketmoney.menu.VO.MenuVO@325f7ac9]]
[INFO ] [13:16:38.649] at com.aws.pocketmoney.common.aspect.BridgeAspect 15aa31f8-0538-4fa0-ba3f-06f082d140eb : param[#] 
 return[#[com.aws.pocketmoney.menu.VO.MenuVO@28f19c96, com.aws.pocketmoney.menu.VO.MenuVO@4a4249b0]]
[INFO ] [13:16:38.678] at com.aws.pocketmoney.common.aspect.BridgeAspect 673ebbf4-a046-4ed0-974e-228d2244f0ec : param[#] 
 return[#[com.aws.pocketmoney.menu.VO.MenuVO@3767f369, com.aws.pocketmoney.menu.VO.MenuVO@1b207198]]
[INFO ] [13:16:45.559] at com.aws.pocketmoney.common.aspect.BridgeAspect 99f1d9b8-611e-4336-b23b-68a4ddba7e32 : param[#] 
 return[#[com.aws.pocketmoney.menu.VO.MenuVO@71982460, com.aws.pocketmoney.menu.VO.MenuVO@135a90e5]]
[INFO ] [13:16:45.620] at com.aws.pocketmoney.common.aspect.BridgeAspect a6169b85-8fcc-4cc6-b49c-3d56d7e8c350 : param[#] 
 return[#[com.aws.pocketmoney.menu.VO.MenuVO@2a83e9db, com.aws.pocketmoney.menu.VO.MenuVO@7dcf8d4]]
[INFO ] [13:16:56.970] at com.aws.pocketmoney.common.aspect.BridgeAspect d34be353-a696-4f75-80c2-3b56377a162d : param[#] 
 return[#[com.aws.pocketmoney.menu.VO.MenuVO@7a4cbdbe, com.aws.pocketmoney.menu.VO.MenuVO@49625cd1]]
[INFO ] [13:16:56.980] at com.aws.pocketmoney.common.aspect.BridgeAspect 2aae62c5-f57b-4aa9-875b-7123d80fdc8c : param[#] 
 return[#[com.aws.pocketmoney.menu.VO.MenuVO@1e327e1a, com.aws.pocketmoney.menu.VO.MenuVO@15433ca8]]
[INFO ] [13:20:58.981] at com.aws.pocketmoney.common.aspect.BridgeAspect d376217d-2aed-499e-bd5d-af0250536c69 : param[#] 
 return[#[com.aws.pocketmoney.menu.VO.MenuVO@6e047419, com.aws.pocketmoney.menu.VO.MenuVO@7036aeec]]
[INFO ] [13:20:59.006] at com.aws.pocketmoney.common.aspect.BridgeAspect 121069a0-a36b-464d-98a0-676da72fdc46 : param[#] 
 return[#[com.aws.pocketmoney.menu.VO.MenuVO@6d9f0064, com.aws.pocketmoney.menu.VO.MenuVO@6a72a545]]
[INFO ] [13:21:01.205] at com.aws.pocketmoney.common.aspect.BridgeAspect 78d3d739-0769-4730-97c8-8996b6842436 : param[#] 
 return[#[com.aws.pocketmoney.menu.VO.MenuVO@60f67b4a, com.aws.pocketmoney.menu.VO.MenuVO@36a115e9]]
[INFO ] [13:21:01.214] at com.aws.pocketmoney.common.aspect.BridgeAspect e493d90b-dd64-432e-b67a-a530f27d701c : param[#] 
 return[#[com.aws.pocketmoney.menu.VO.MenuVO@6783220d, com.aws.pocketmoney.menu.VO.MenuVO@3c236693]]
[INFO ] [13:36:25.687] at com.aws.pocketmoney.common.aspect.BridgeAspect 6233f3ac-f1b2-4779-aaba-e2f975aafb31 : param[#] 
 return[#[com.aws.pocketmoney.menu.VO.MenuVO@ab92781, com.aws.pocketmoney.menu.VO.MenuVO@66392a78]]
[INFO ] [13:36:25.716] at com.aws.pocketmoney.common.aspect.BridgeAspect 34562db2-61d1-4284-bacf-480b0d024af0 : param[#] 
 return[#[com.aws.pocketmoney.menu.VO.MenuVO@5a966574, com.aws.pocketmoney.menu.VO.MenuVO@6f9e5548]]
[INFO ] [13:36:58.568] at com.aws.pocketmoney.common.aspect.BridgeAspect 19a655fb-7ae0-45ac-9d9c-9c819296f3a1 : param[#] 
 return[#[com.aws.pocketmoney.menu.VO.MenuVO@72dfe5fb, com.aws.pocketmoney.menu.VO.MenuVO@ab5f698]]
[INFO ] [13:37:31.548] at com.aws.pocketmoney.common.aspect.BridgeAspect 172fb87a-fb69-4463-9f6b-66f6f8ca808c : param[#] 
 return[#[com.aws.pocketmoney.menu.VO.MenuVO@18301e23, com.aws.pocketmoney.menu.VO.MenuVO@62299042]]
[INFO ] [13:37:34.966] at com.aws.pocketmoney.common.aspect.BridgeAspect 24418024-5c7f-40a5-88b4-b2219b9690f2 : param[#] 
 return[#[com.aws.pocketmoney.menu.VO.MenuVO@482533df, com.aws.pocketmoney.menu.VO.MenuVO@690215d8]]
[INFO ] [13:37:37.480] at com.aws.pocketmoney.common.aspect.BridgeAspect a210b31a-ecef-4dde-9ad7-66786ad46d8c : param[#] 
 return[#[com.aws.pocketmoney.menu.VO.MenuVO@6be48a03, com.aws.pocketmoney.menu.VO.MenuVO@24167f34]]
[INFO ] [13:37:37.531] at com.aws.pocketmoney.common.aspect.BridgeAspect cba6bda5-dfef-4121-999f-8cb027c9710a : param[#] 
 return[#[com.aws.pocketmoney.menu.VO.MenuVO@60a00048, com.aws.pocketmoney.menu.VO.MenuVO@31e8bd98]]
[INFO ] [13:38:08.032] at com.aws.pocketmoney.common.aspect.BridgeAspect 9c79f7b5-6763-4b0f-9712-1d217bda8955 : param[#] 
 return[#[com.aws.pocketmoney.menu.VO.MenuVO@62b1b30b, com.aws.pocketmoney.menu.VO.MenuVO@c334bff]]
[INFO ] [13:38:08.059] at com.aws.pocketmoney.common.aspect.BridgeAspect cda94da2-f742-4ca8-9d8c-cc50fb89dac8 : param[#] 
 return[#[com.aws.pocketmoney.menu.VO.MenuVO@47a64fbb, com.aws.pocketmoney.menu.VO.MenuVO@4aecf5cc]]
[INFO ] [13:39:06.248] at com.aws.pocketmoney.common.aspect.BridgeAspect 3382b084-0ef9-4e3f-adf6-76a7eef3564c : param[#] 
 return[#[com.aws.pocketmoney.menu.VO.MenuVO@791135a4, com.aws.pocketmoney.menu.VO.MenuVO@2c548d3c]]
[INFO ] [13:39:06.275] at com.aws.pocketmoney.common.aspect.BridgeAspect 6c744e84-a0cf-4a82-8ae1-5024d6320bb0 : param[#] 
 return[#[com.aws.pocketmoney.menu.VO.MenuVO@7fd78c48, com.aws.pocketmoney.menu.VO.MenuVO@121077d4]]
[INFO ] [13:40:06.201] at com.aws.pocketmoney.common.aspect.BridgeAspect 0703ba22-46a8-4d0b-b518-b3f6dbb3b43a : param[#] 
 return[#[com.aws.pocketmoney.menu.VO.MenuVO@437fb2b7, com.aws.pocketmoney.menu.VO.MenuVO@57132d91]]
[INFO ] [13:40:06.235] at com.aws.pocketmoney.common.aspect.BridgeAspect 96e32a9a-ffbe-4435-a88e-038385292e73 : param[#] 
 return[#[com.aws.pocketmoney.menu.VO.MenuVO@1e9fdee2, com.aws.pocketmoney.menu.VO.MenuVO@1b313570]]
[INFO ] [13:40:15.274] at com.aws.pocketmoney.common.aspect.BridgeAspect c229e7b6-c31b-42ec-8142-9e9f579d8c97 : param[#] 
 return[#[com.aws.pocketmoney.menu.VO.MenuVO@37b9766a, com.aws.pocketmoney.menu.VO.MenuVO@6a1be375]]
[INFO ] [13:40:15.303] at com.aws.pocketmoney.common.aspect.BridgeAspect 846e8fcf-d12f-43b2-9646-d5a272c0d055 : param[#] 
 return[#[com.aws.pocketmoney.menu.VO.MenuVO@7ff7b78a, com.aws.pocketmoney.menu.VO.MenuVO@ab765ad]]
[INFO ] [13:40:22.945] at com.aws.pocketmoney.common.aspect.BridgeAspect 71df9969-d1f1-4ec6-97fd-5561207b0ad6 : param[#] 
 return[#[com.aws.pocketmoney.menu.VO.MenuVO@7ae1d2ab, com.aws.pocketmoney.menu.VO.MenuVO@70aed4ff]]
[INFO ] [13:40:22.971] at com.aws.pocketmoney.common.aspect.BridgeAspect 1cbef72c-998d-4a1e-9068-b620892f3e5e : param[#] 
 return[#[com.aws.pocketmoney.menu.VO.MenuVO@244ba3d2, com.aws.pocketmoney.menu.VO.MenuVO@71d516c1]]
[INFO ] [13:40:38.096] at com.aws.pocketmoney.common.aspect.BridgeAspect e800f480-49b9-4ea7-bdb7-872150e76a60 : param[#] 
 return[#[com.aws.pocketmoney.menu.VO.MenuVO@12fef1b1, com.aws.pocketmoney.menu.VO.MenuVO@24ee18b9]]
[INFO ] [13:40:38.105] at com.aws.pocketmoney.common.aspect.BridgeAspect 5de6f108-ed40-43a8-bdac-643eef75bf64 : param[#] 
 return[#[com.aws.pocketmoney.menu.VO.MenuVO@53e6b2a, com.aws.pocketmoney.menu.VO.MenuVO@33700e1a]]
[INFO ] [13:40:43.987] at com.aws.pocketmoney.common.aspect.BridgeAspect b26a98fd-5ba7-41e1-98b6-603fcbc4202e : param[#] 
 return[#[com.aws.pocketmoney.menu.VO.MenuVO@18653ab1, com.aws.pocketmoney.menu.VO.MenuVO@4af7bf9d]]
[INFO ] [13:40:44.018] at com.aws.pocketmoney.common.aspect.BridgeAspect 77ca8a18-cbd9-455d-92ee-0ca8fed72b7b : param[#] 
 return[#[com.aws.pocketmoney.menu.VO.MenuVO@1d089188, com.aws.pocketmoney.menu.VO.MenuVO@5e6c080d]]
[INFO ] [13:41:04.794] at com.aws.pocketmoney.common.aspect.BridgeAspect b063c75d-536c-4d4b-ab4e-4b86c4e70a91 : param[#] 
 return[#[com.aws.pocketmoney.menu.VO.MenuVO@d921385, com.aws.pocketmoney.menu.VO.MenuVO@7e3d1fb0]]
[INFO ] [13:41:04.831] at com.aws.pocketmoney.common.aspect.BridgeAspect 4f3f6501-5e80-4ac9-b309-d519ecfbffd5 : param[#] 
 return[#[com.aws.pocketmoney.menu.VO.MenuVO@48c5c38c, com.aws.pocketmoney.menu.VO.MenuVO@2f182d39]]
[INFO ] [13:41:31.295] at com.aws.pocketmoney.common.aspect.BridgeAspect 36de0e14-7d28-4779-85aa-d2e3e403e874 : param[#] 
 return[#[com.aws.pocketmoney.menu.VO.MenuVO@4de8f393, com.aws.pocketmoney.menu.VO.MenuVO@7043b95]]
[INFO ] [13:41:31.318] at com.aws.pocketmoney.common.aspect.BridgeAspect a4cc9288-7b03-41a6-8629-d6e15a43030c : param[#] 
 return[#[com.aws.pocketmoney.menu.VO.MenuVO@94176a2, com.aws.pocketmoney.menu.VO.MenuVO@221735db]]
[INFO ] [13:41:35.666] at com.aws.pocketmoney.common.aspect.BridgeAspect 2eac14f3-8b8a-41ad-96bd-e30f3613f2d1 : param[#] 
 return[#[com.aws.pocketmoney.menu.VO.MenuVO@5fb0f25b, com.aws.pocketmoney.menu.VO.MenuVO@7760093c]]
[INFO ] [13:41:35.694] at com.aws.pocketmoney.common.aspect.BridgeAspect 84528871-e20c-45dd-aa03-3c67e5309185 : param[#] 
 return[#[com.aws.pocketmoney.menu.VO.MenuVO@6fa13cdf, com.aws.pocketmoney.menu.VO.MenuVO@7731e2fa]]
[INFO ] [13:42:08.876] at com.aws.pocketmoney.common.aspect.BridgeAspect 068ad401-0387-4e2a-9712-d3b7a3fa9a74 : param[#] 
 return[#[com.aws.pocketmoney.menu.VO.MenuVO@dedab98, com.aws.pocketmoney.menu.VO.MenuVO@3d7bd067]]
[INFO ] [13:42:08.901] at com.aws.pocketmoney.common.aspect.BridgeAspect 5b6d7ffa-2890-4b23-aadd-ee887936b9fe : param[#] 
 return[#[com.aws.pocketmoney.menu.VO.MenuVO@3998b749, com.aws.pocketmoney.menu.VO.MenuVO@326258be]]
[INFO ] [13:42:19.163] at com.aws.pocketmoney.common.aspect.BridgeAspect 80962bc8-b31c-4c5e-9721-4e656898e78b : param[#] 
 return[#[com.aws.pocketmoney.menu.VO.MenuVO@39ef6a4a, com.aws.pocketmoney.menu.VO.MenuVO@409a3c0e]]
[INFO ] [13:42:19.190] at com.aws.pocketmoney.common.aspect.BridgeAspect b24dcc61-eb3f-4b43-853c-4f331284bb46 : param[#] 
 return[#[com.aws.pocketmoney.menu.VO.MenuVO@67f4e4, com.aws.pocketmoney.menu.VO.MenuVO@639410eb]]
[INFO ] [13:43:27.256] at com.aws.pocketmoney.common.aspect.BridgeAspect 2e1bffb1-6fc1-4f2a-af38-a18586f1737c : param[#] 
 return[#[com.aws.pocketmoney.menu.VO.MenuVO@7ff516a4, com.aws.pocketmoney.menu.VO.MenuVO@78fc2e1]]
[INFO ] [13:43:27.279] at com.aws.pocketmoney.common.aspect.BridgeAspect b1f9b248-00d3-474b-b910-ffc9b48c1bbf : param[#] 
 return[#[com.aws.pocketmoney.menu.VO.MenuVO@36f3482e, com.aws.pocketmoney.menu.VO.MenuVO@2739bb9b]]
[INFO ] [13:43:34.552] at com.aws.pocketmoney.common.aspect.BridgeAspect 544854f0-e179-4312-970d-15cfd9a948fa : param[#] 
 return[#[com.aws.pocketmoney.menu.VO.MenuVO@57c36c1f, com.aws.pocketmoney.menu.VO.MenuVO@64a6f1a5]]
[INFO ] [13:43:34.559] at com.aws.pocketmoney.common.aspect.BridgeAspect af6c9d30-80a6-48cc-9fd5-8d87c0973046 : param[#] 
 return[#[com.aws.pocketmoney.menu.VO.MenuVO@4db4fda2, com.aws.pocketmoney.menu.VO.MenuVO@676f74e]]
[INFO ] [13:43:42.531] at com.aws.pocketmoney.common.aspect.BridgeAspect 1f6e9861-8614-4ebf-b764-97a827501b58 : param[#] 
 return[#[com.aws.pocketmoney.menu.VO.MenuVO@3e331e10, com.aws.pocketmoney.menu.VO.MenuVO@6bbe05be]]
[INFO ] [13:43:44.981] at com.aws.pocketmoney.common.aspect.BridgeAspect 0ecff215-c76b-4a3b-9973-c803b1c797e5 : param[#] 
 return[#[com.aws.pocketmoney.menu.VO.MenuVO@51309370, com.aws.pocketmoney.menu.VO.MenuVO@6685cc54]]
[INFO ] [13:43:44.993] at com.aws.pocketmoney.common.aspect.BridgeAspect a01bb3d8-a31d-49a4-87b6-5ff7674f52fd : param[#] 
 return[#[com.aws.pocketmoney.menu.VO.MenuVO@1c84f591, com.aws.pocketmoney.menu.VO.MenuVO@1db112ac]]
[INFO ] [13:43:47.273] at com.aws.pocketmoney.common.aspect.BridgeAspect 25fef138-dde3-4580-9faa-80703b7111a4 : param[#] 
 return[#[com.aws.pocketmoney.menu.VO.MenuVO@6c3cde01, com.aws.pocketmoney.menu.VO.MenuVO@6088fd7c]]
[INFO ] [13:43:47.281] at com.aws.pocketmoney.common.aspect.BridgeAspect 79a7cf4a-0f86-47fa-b1e4-8f85588005e3 : param[#] 
 return[#[com.aws.pocketmoney.menu.VO.MenuVO@5d80df5d, com.aws.pocketmoney.menu.VO.MenuVO@594aeca1]]
[INFO ] [13:43:49.260] at com.aws.pocketmoney.common.aspect.BridgeAspect 4eef836a-3d5a-4e6e-8bde-45021bdd9f9d : param[#] 
 return[#[com.aws.pocketmoney.menu.VO.MenuVO@317100d3, com.aws.pocketmoney.menu.VO.MenuVO@6192a5aa]]
[INFO ] [13:44:49.740] at com.aws.pocketmoney.common.aspect.BridgeAspect a12b7c48-6389-46b1-bf89-fdb2236eedef : param[#] 
 return[#[com.aws.pocketmoney.menu.VO.MenuVO@523c572e, com.aws.pocketmoney.menu.VO.MenuVO@64d431d4]]
[INFO ] [13:44:49.851] at com.aws.pocketmoney.common.aspect.BridgeAspect 483fe9e0-2c57-457f-8bde-3d0e9ea3eb07 : param[#] 
 return[#[com.aws.pocketmoney.menu.VO.MenuVO@2b9eaa7c, com.aws.pocketmoney.menu.VO.MenuVO@4da8b250]]
[INFO ] [13:45:04.892] at com.aws.pocketmoney.common.aspect.BridgeAspect 6e1a4514-62c3-4d78-9604-4ccef5be4b20 : param[#] 
 return[#[com.aws.pocketmoney.menu.VO.MenuVO@47bc0516, com.aws.pocketmoney.menu.VO.MenuVO@7f2666c6]]
[INFO ] [13:45:32.438] at com.aws.pocketmoney.common.aspect.BridgeAspect 44f9c53f-5140-44f8-85e2-74876b69cdf3 : param[#] 
 return[#[com.aws.pocketmoney.menu.VO.MenuVO@269d76bd, com.aws.pocketmoney.menu.VO.MenuVO@1640bf96]]
[INFO ] [13:46:12.735] at com.aws.pocketmoney.common.aspect.BridgeAspect 95cd2e86-c8d6-4837-8c22-113ecf3d8006 : param[#] 
 return[#[com.aws.pocketmoney.menu.VO.MenuVO@5e1f3075, com.aws.pocketmoney.menu.VO.MenuVO@4079c7d7]]
[INFO ] [13:46:17.256] at com.aws.pocketmoney.common.aspect.BridgeAspect 770219cb-7031-4877-a5f2-56e976292296 : param[#] 
 return[#[com.aws.pocketmoney.menu.VO.MenuVO@787b0b1b, com.aws.pocketmoney.menu.VO.MenuVO@7b224de9]]
[INFO ] [13:46:23.477] at com.aws.pocketmoney.common.aspect.BridgeAspect ea5de05e-92ab-467a-859e-11f1b6bc824f : param[#] 
 return[#[com.aws.pocketmoney.menu.VO.MenuVO@6cc29668, com.aws.pocketmoney.menu.VO.MenuVO@378234ee]]
[INFO ] [13:46:24.759] at com.aws.pocketmoney.common.aspect.BridgeAspect ac28c0c2-314a-4b10-bb25-c7124ce57191 : param[#] 
 return[#[com.aws.pocketmoney.menu.VO.MenuVO@772397dc, com.aws.pocketmoney.menu.VO.MenuVO@60c36195]]
[INFO ] [13:46:28.661] at com.aws.pocketmoney.common.aspect.BridgeAspect be0f9420-a39d-4a3b-a6a6-85bd0b3ff7d0 : param[#] 
 return[#[com.aws.pocketmoney.menu.VO.MenuVO@2931daac, com.aws.pocketmoney.menu.VO.MenuVO@7ef5a4df]]
[INFO ] [13:46:39.300] at com.aws.pocketmoney.common.aspect.BridgeAspect 4977f0ed-5b72-4757-ad40-533315cf9cfd : param[#] 
 return[#[com.aws.pocketmoney.menu.VO.MenuVO@7091c9fd, com.aws.pocketmoney.menu.VO.MenuVO@2ad29c3a]]
[INFO ] [13:46:44.661] at com.aws.pocketmoney.common.aspect.BridgeAspect 62b6707d-dae4-4c08-8990-06de0eb24a09 : param[#] 
 return[#[com.aws.pocketmoney.menu.VO.MenuVO@62ea4295, com.aws.pocketmoney.menu.VO.MenuVO@75ebece5]]
[INFO ] [13:46:46.739] at com.aws.pocketmoney.common.aspect.BridgeAspect be76b47b-1479-4256-a420-fb4931f23df7 : param[#] 
 return[#[com.aws.pocketmoney.menu.VO.MenuVO@4fa774a4, com.aws.pocketmoney.menu.VO.MenuVO@75a0fd29]]
[INFO ] [13:46:48.491] at com.aws.pocketmoney.common.aspect.BridgeAspect d74af1e7-e5ed-4cb3-b035-0da83d863180 : param[#] 
 return[#[com.aws.pocketmoney.menu.VO.MenuVO@1dd7719c, com.aws.pocketmoney.menu.VO.MenuVO@11bafe83]]
[INFO ] [13:47:57.821] at com.aws.pocketmoney.common.aspect.BridgeAspect 91783649-3b01-430a-8ab4-52a93a25a911 : param[#] 
 return[#[com.aws.pocketmoney.menu.VO.MenuVO@53b5c34b, com.aws.pocketmoney.menu.VO.MenuVO@35c4df38]]
[INFO ] [13:47:57.962] at com.aws.pocketmoney.common.aspect.BridgeAspect f81c4036-9420-4885-9634-b38ba5968ae0 : param[#] 
 return[#[com.aws.pocketmoney.menu.VO.MenuVO@9987521, com.aws.pocketmoney.menu.VO.MenuVO@70fea72e]]
[INFO ] [13:48:01.807] at com.aws.pocketmoney.common.aspect.BridgeAspect 5ac7e430-f7ed-4892-b4b5-b36cab460cb5 : param[#] 
 return[#[com.aws.pocketmoney.menu.VO.MenuVO@5b18b54c, com.aws.pocketmoney.menu.VO.MenuVO@7cf749f7]]
[INFO ] [13:48:01.834] at com.aws.pocketmoney.common.aspect.BridgeAspect fd84261b-aa74-4f2a-9656-8eaaaf49c7df : param[#] 
 return[#[com.aws.pocketmoney.menu.VO.MenuVO@a8741ad, com.aws.pocketmoney.menu.VO.MenuVO@430ec639]]
[INFO ] [13:49:10.394] at com.aws.pocketmoney.common.aspect.BridgeAspect 765f2e6c-b0e6-4b88-95b9-0acc714e34b9 : param[#] 
 return[#[com.aws.pocketmoney.menu.VO.MenuVO@48616eb6, com.aws.pocketmoney.menu.VO.MenuVO@7f80bab3]]
[INFO ] [13:49:10.419] at com.aws.pocketmoney.common.aspect.BridgeAspect 4537c39d-f4a5-43b0-9630-3756012cdafc : param[#] 
 return[#[com.aws.pocketmoney.menu.VO.MenuVO@53ef1aa5, com.aws.pocketmoney.menu.VO.MenuVO@6a33a12]]
[INFO ] [13:49:22.251] at com.aws.pocketmoney.common.aspect.BridgeAspect 81931acf-b4f9-4877-b23b-e5cc9960847c : param[#] 
 return[#[com.aws.pocketmoney.menu.VO.MenuVO@3b8a6bef, com.aws.pocketmoney.menu.VO.MenuVO@3a5a9c2d]]
[INFO ] [13:49:22.389] at com.aws.pocketmoney.common.aspect.BridgeAspect 0437889d-a216-4bc2-8eac-dce67abff7a5 : param[#] 
 return[#[com.aws.pocketmoney.menu.VO.MenuVO@42161a65, com.aws.pocketmoney.menu.VO.MenuVO@509db5e5]]
[INFO ] [13:50:08.524] at com.aws.pocketmoney.common.aspect.BridgeAspect 94944897-d8aa-44c2-a555-1a7cc425f80c : param[#] 
 return[#[com.aws.pocketmoney.menu.VO.MenuVO@e83d37e, com.aws.pocketmoney.menu.VO.MenuVO@62bd60fb]]
[INFO ] [13:50:08.624] at com.aws.pocketmoney.common.aspect.BridgeAspect c188f127-dc30-4ff7-8fac-d109b9b91e4c : param[#] 
 return[#[com.aws.pocketmoney.menu.VO.MenuVO@53a98d54, com.aws.pocketmoney.menu.VO.MenuVO@1a810fe0]]
[INFO ] [13:50:11.213] at com.aws.pocketmoney.common.aspect.BridgeAspect 51a1c093-f4fc-4170-8ec2-52bf902571a3 : param[#] 
 return[#[com.aws.pocketmoney.menu.VO.MenuVO@2c1d596d, com.aws.pocketmoney.menu.VO.MenuVO@4f8b4c54]]
[INFO ] [13:50:11.238] at com.aws.pocketmoney.common.aspect.BridgeAspect e1cfd7be-2e57-4a09-8efd-094abd70efc9 : param[#] 
 return[#[com.aws.pocketmoney.menu.VO.MenuVO@7df80ec1, com.aws.pocketmoney.menu.VO.MenuVO@430b803]]
[INFO ] [13:50:11.452] at com.aws.pocketmoney.common.aspect.BridgeAspect bf2569a1-9f4c-493c-9ea5-9235ad55afaa : param[#] 
 return[#[com.aws.pocketmoney.menu.VO.MenuVO@7dfa0a6a, com.aws.pocketmoney.menu.VO.MenuVO@2d3f7bb8]]
[INFO ] [13:51:00.449] at com.aws.pocketmoney.common.aspect.BridgeAspect b236339b-d4ae-49d8-84d3-3f8ca48e8747 : param[#] 
 return[#[com.aws.pocketmoney.menu.VO.MenuVO@f7d367c, com.aws.pocketmoney.menu.VO.MenuVO@6cf2b87b]]
[INFO ] [13:51:02.209] at com.aws.pocketmoney.common.aspect.BridgeAspect d4793164-8b4d-4ada-b3dc-def2a24606ee : param[#] 
 return[#[com.aws.pocketmoney.menu.VO.MenuVO@5d1308d6, com.aws.pocketmoney.menu.VO.MenuVO@4ccc2847]]
[INFO ] [13:51:02.249] at com.aws.pocketmoney.common.aspect.BridgeAspect 2fef4b66-f745-467f-9528-9de6da7fab07 : param[#] 
 return[#[com.aws.pocketmoney.menu.VO.MenuVO@67a38f76, com.aws.pocketmoney.menu.VO.MenuVO@1afbdbb5]]
[INFO ] [13:51:02.411] at com.aws.pocketmoney.common.aspect.BridgeAspect 729f591c-1f71-4d2c-9311-10c9477aef56 : param[#] 
 return[#[com.aws.pocketmoney.menu.VO.MenuVO@3822a56c, com.aws.pocketmoney.menu.VO.MenuVO@1c622f02]]
[INFO ] [13:51:07.537] at com.aws.pocketmoney.common.aspect.BridgeAspect e7c5e92b-968e-4491-bf83-8ea63a65b466 : param[#] 
 return[#[com.aws.pocketmoney.menu.VO.MenuVO@5ef0170c, com.aws.pocketmoney.menu.VO.MenuVO@677501e9]]
[INFO ] [13:51:10.046] at com.aws.pocketmoney.common.aspect.BridgeAspect 3650e644-768a-46cb-ad9e-06f376e15f56 : param[#] 
 return[#[com.aws.pocketmoney.menu.VO.MenuVO@7c23c556, com.aws.pocketmoney.menu.VO.MenuVO@30e62727]]
[INFO ] [13:51:19.320] at com.aws.pocketmoney.common.aspect.BridgeAspect b2d6c218-a1f4-4413-bc7b-895941a463e2 : param[#] 
 return[#[com.aws.pocketmoney.menu.VO.MenuVO@56b5d5d3, com.aws.pocketmoney.menu.VO.MenuVO@684e36c1]]
[INFO ] [13:51:27.390] at com.aws.pocketmoney.common.aspect.BridgeAspect 30c086b8-3762-4b2b-8f49-af1b3303d1c7 : param[#] 
 return[#[com.aws.pocketmoney.menu.VO.MenuVO@6cf614bc, com.aws.pocketmoney.menu.VO.MenuVO@1c333f5d]]
[INFO ] [13:51:27.417] at com.aws.pocketmoney.common.aspect.BridgeAspect e8528416-b497-4dcd-968a-470bae4d2709 : param[#] 
 return[#[com.aws.pocketmoney.menu.VO.MenuVO@3309b13e, com.aws.pocketmoney.menu.VO.MenuVO@bc4e2fe]]
[INFO ] [13:51:27.546] at com.aws.pocketmoney.common.aspect.BridgeAspect 5aa3fb32-5bbc-4ed1-8c77-f1a2e8a1e56e : param[#] 
 return[#[com.aws.pocketmoney.menu.VO.MenuVO@6609b591, com.aws.pocketmoney.menu.VO.MenuVO@60572923]]
[INFO ] [13:52:04.202] at com.aws.pocketmoney.common.aspect.BridgeAspect 0bbc366c-5da2-4976-85e5-08cd30914401 : param[#] 
 return[#[com.aws.pocketmoney.menu.VO.MenuVO@424015da, com.aws.pocketmoney.menu.VO.MenuVO@707c379a]]
[INFO ] [13:52:06.190] at com.aws.pocketmoney.common.aspect.BridgeAspect 51431fb2-525a-4e25-a67b-aec57862c47f : param[#] 
 return[#[com.aws.pocketmoney.menu.VO.MenuVO@9c7f4c1, com.aws.pocketmoney.menu.VO.MenuVO@4f18ca8]]
[INFO ] [13:52:06.221] at com.aws.pocketmoney.common.aspect.BridgeAspect 71949f36-9ab1-4a3f-ab7e-554b6b6bf93d : param[#] 
 return[#[com.aws.pocketmoney.menu.VO.MenuVO@2d263a7, com.aws.pocketmoney.menu.VO.MenuVO@56bea2b7]]
[INFO ] [13:52:06.447] at com.aws.pocketmoney.common.aspect.BridgeAspect f7496a4e-c894-4009-985c-8a666acf3d65 : param[#] 
 return[#[com.aws.pocketmoney.menu.VO.MenuVO@2c71ac71, com.aws.pocketmoney.menu.VO.MenuVO@7b87c755]]
[INFO ] [13:52:23.769] at com.aws.pocketmoney.common.aspect.BridgeAspect 3823ad12-4d8d-4150-836f-9a05d0941c81 : param[#] 
 return[#[com.aws.pocketmoney.menu.VO.MenuVO@3ee883a8, com.aws.pocketmoney.menu.VO.MenuVO@2635a4a5]]
[INFO ] [14:00:44.191] at com.aws.pocketmoney.common.aspect.BridgeAspect 418b115d-600e-41f6-a248-35ee0bc96bca : param[#] 
 return[#[com.aws.pocketmoney.menu.VO.MenuVO@208d1bc2, com.aws.pocketmoney.menu.VO.MenuVO@31c45dba]]
[INFO ] [14:00:44.216] at com.aws.pocketmoney.common.aspect.BridgeAspect ace3dc53-bebf-4b19-a58c-ef04f0c255c6 : param[#] 
 return[#[com.aws.pocketmoney.menu.VO.MenuVO@6ab9464c, com.aws.pocketmoney.menu.VO.MenuVO@2737d0d]]
[INFO ] [14:00:44.411] at com.aws.pocketmoney.common.aspect.BridgeAspect a4976b8f-acad-42c9-ba2c-3db048e0c9ad : param[#] 
 return[#[com.aws.pocketmoney.menu.VO.MenuVO@24091167, com.aws.pocketmoney.menu.VO.MenuVO@3c6b4774]]
[INFO ] [14:00:51.058] at com.aws.pocketmoney.common.aspect.BridgeAspect bcbb59de-c9b1-4294-ae1f-14d737307c8a : param[#] 
 return[#[com.aws.pocketmoney.menu.VO.MenuVO@722d39ad, com.aws.pocketmoney.menu.VO.MenuVO@52efd124]]
[INFO ] [14:00:51.067] at com.aws.pocketmoney.common.aspect.BridgeAspect adedb708-06bb-442e-88e8-1f04c5ef6468 : param[#] 
 return[#[com.aws.pocketmoney.menu.VO.MenuVO@e137c19, com.aws.pocketmoney.menu.VO.MenuVO@5f93ad9a]]
[INFO ] [14:00:51.183] at com.aws.pocketmoney.common.aspect.BridgeAspect 79b82b48-46b6-4df8-b084-c17284c89a25 : param[#] 
 return[#[com.aws.pocketmoney.menu.VO.MenuVO@1edada3b, com.aws.pocketmoney.menu.VO.MenuVO@66fe749d]]
[INFO ] [14:01:23.958] at com.aws.pocketmoney.common.aspect.BridgeAspect 825f65f8-d465-43e8-b971-ad94aa61a299 : param[#] 
 return[#[com.aws.pocketmoney.menu.VO.MenuVO@2074227c, com.aws.pocketmoney.menu.VO.MenuVO@6d2a84d4]]
[INFO ] [14:24:11.149] at com.aws.pocketmoney.common.aspect.BridgeAspect ac766594-f470-433f-b43c-4794c7041570 : param[#] 
 return[#[com.aws.pocketmoney.menu.VO.MenuVO@1d78b871, com.aws.pocketmoney.menu.VO.MenuVO@1eeafdf9]]
[INFO ] [14:24:11.178] at com.aws.pocketmoney.common.aspect.BridgeAspect 91196075-bac2-4718-8271-a8a927efcffb : param[#] 
 return[#[com.aws.pocketmoney.menu.VO.MenuVO@2af3b51b, com.aws.pocketmoney.menu.VO.MenuVO@42ea5c9a]]
[INFO ] [14:29:07.683] at com.aws.pocketmoney.common.aspect.BridgeAspect c3619775-fc7d-43d5-9343-25fb90bbefdd : param[#] 
 return[#[com.aws.pocketmoney.menu.VO.MenuVO@6702e01d, com.aws.pocketmoney.menu.VO.MenuVO@70908717]]
[INFO ] [14:29:07.709] at com.aws.pocketmoney.common.aspect.BridgeAspect 573c6a92-3703-4339-9cf8-3cc07f9fc14d : param[#] 
 return[#[com.aws.pocketmoney.menu.VO.MenuVO@4fc3577c, com.aws.pocketmoney.menu.VO.MenuVO@2db39782]]
